
Showing logs for build [32mcb-kubecd-bdd-spring-1583310768-tqlrn-1[0m stage [32mfrom-build-pack[0m and container [32mstep-credential-initializer-tz29b[0m
{"level":"warn","ts":1583310923.7446637,"logger":"fallback-logger","caller":"logging/config.go:69","msg":"Fetch GitHub commit ID from kodata failed: \"ref: refs/heads/0.8.0-**-support-backwards-incompats\" is not a valid GitHub commit ID"}
{"level":"info","ts":1583310923.7454426,"logger":"fallback-logger","caller":"creds-init/main.go:40","msg":"Credentials initialized."}

Showing logs for build [32mcb-kubecd-bdd-spring-1583310768-tqlrn-1[0m stage [32mfrom-build-pack[0m and container [32mstep-working-dir-initializer-wg8jp[0m
{"level":"warn","ts":1583310924.7223086,"logger":"fallback-logger","caller":"logging/config.go:69","msg":"Fetch GitHub commit ID from kodata failed: open /var/run/ko/HEAD: no such file or directory"}
{"level":"info","ts":1583310924.7264428,"logger":"fallback-logger","caller":"bash/main.go:64","msg":"Successfully executed command \"sh -c mkdir -p /workspace/source\"; output "}

Showing logs for build [32mcb-kubecd-bdd-spring-1583310768-tqlrn-1[0m stage [32mfrom-build-pack[0m and container [32mstep-place-tools[0m

Showing logs for build [32mcb-kubecd-bdd-spring-1583310768-tqlrn-1[0m stage [32mfrom-build-pack[0m and container [32mstep-git-source-cb-kubecd-bdd-spring-1583310768-tqlrn-zsbqw[0m
{"level":"warn","ts":1583310954.1199155,"logger":"fallback-logger","caller":"logging/config.go:69","msg":"Fetch GitHub commit ID from kodata failed: \"ref: refs/heads/0.8.0-**-support-backwards-incompats\" is not a valid GitHub commit ID"}
{"level":"info","ts":1583310955.4806502,"logger":"fallback-logger","caller":"git/git.go:103","msg":"Successfully cloned https://github.com/cb-kubecd/bdd-spring-1583310768.git @ v0.0.1 in path /workspace/source"}

Showing logs for build [32mcb-kubecd-bdd-spring-1583310768-tqlrn-1[0m stage [32mfrom-build-pack[0m and container [32mstep-git-merge[0m
Using SHAs from PULL_REFS=master:b88f4318c4a62bd7a4b3a50ba02195b0f53f9731
WARNING: no SHAs to merge, falling back to initial cloned commit

Showing logs for build [32mcb-kubecd-bdd-spring-1583310768-tqlrn-1[0m stage [32mfrom-build-pack[0m and container [32mstep-setup-jx-git-credentials[0m
Generated Git credentials file /workspace/xdg_config/git/credentials

Showing logs for build [32mcb-kubecd-bdd-spring-1583310768-tqlrn-1[0m stage [32mfrom-build-pack[0m and container [32mstep-build-mvn-deploy[0m
Picked up _JAVA_OPTIONS: -XX:+UnlockExperimentalVMOptions -XX:+UseCGroupMemoryLimitForHeap -Dsun.zip.disableMemoryMapping=true -XX:+UseParallelGC -XX:MinHeapFreeRatio=5 -XX:MaxHeapFreeRatio=10 -XX:GCTimeRatio=4 -XX:AdaptiveSizePolicyWeight=90 -Xms10m -Xmx192m
OpenJDK 64-Bit Server VM warning: If the number of processors is expected to increase from one, then you should configure the number of parallel GC threads appropriately using -XX:ParallelGCThreads=N
[INFO] Scanning for projects...
[INFO] 
[INFO] -----------------< com.example:bdd-spring-1583310768 >------------------
[INFO] Building demo 0.0.1
[INFO] --------------------------------[ jar ]---------------------------------
[INFO] 
[INFO] --- maven-clean-plugin:3.1.0:clean (default-clean) @ bdd-spring-1583310768 ---
[INFO] 
[INFO] --- maven-resources-plugin:3.1.0:resources (default-resources) @ bdd-spring-1583310768 ---
[INFO] Using 'UTF-8' encoding to copy filtered resources.
[INFO] Copying 1 resource
[INFO] Copying 0 resource
[INFO] 
[INFO] --- maven-compiler-plugin:3.8.1:compile (default-compile) @ bdd-spring-1583310768 ---
[INFO] Changes detected - recompiling the module!
[INFO] Compiling 1 source file to /workspace/source/target/classes
[INFO] 
[INFO] --- maven-resources-plugin:3.1.0:testResources (default-testResources) @ bdd-spring-1583310768 ---
[INFO] Using 'UTF-8' encoding to copy filtered resources.
[INFO] skip non existing resourceDirectory /workspace/source/src/test/resources
[INFO] 
[INFO] --- maven-compiler-plugin:3.8.1:testCompile (default-testCompile) @ bdd-spring-1583310768 ---
[INFO] Changes detected - recompiling the module!
[INFO] Compiling 1 source file to /workspace/source/target/test-classes
[INFO] 
[INFO] --- maven-surefire-plugin:3.0.0-M1:test (default-test) @ bdd-spring-1583310768 ---
[INFO] 
[INFO] -------------------------------------------------------
[INFO]  T E S T S
[INFO] -------------------------------------------------------
[INFO] Running com.example.bddspring1583310768.DemoApplicationTests
08:36:36.610 [main] DEBUG org.springframework.test.context.BootstrapUtils - Instantiating CacheAwareContextLoaderDelegate from class [org.springframework.test.context.cache.DefaultCacheAwareContextLoaderDelegate]
08:36:36.656 [main] DEBUG org.springframework.test.context.BootstrapUtils - Instantiating BootstrapContext using constructor [public org.springframework.test.context.support.DefaultBootstrapContext(java.lang.Class,org.springframework.test.context.CacheAwareContextLoaderDelegate)]
08:36:36.856 [main] DEBUG org.springframework.test.context.BootstrapUtils - Instantiating TestContextBootstrapper for test class [com.example.bddspring1583310768.DemoApplicationTests] from class [org.springframework.boot.test.context.SpringBootTestContextBootstrapper]
08:36:36.953 [main] INFO org.springframework.boot.test.context.SpringBootTestContextBootstrapper - Neither @ContextConfiguration nor @ContextHierarchy found for test class [com.example.bddspring1583310768.DemoApplicationTests], using SpringBootContextLoader
08:36:36.972 [main] DEBUG org.springframework.test.context.support.AbstractContextLoader - Did not detect default resource location for test class [com.example.bddspring1583310768.DemoApplicationTests]: class path resource [com/example/bddspring1583310768/DemoApplicationTests-context.xml] does not exist
08:36:36.973 [main] DEBUG org.springframework.test.context.support.AbstractContextLoader - Did not detect default resource location for test class [com.example.bddspring1583310768.DemoApplicationTests]: class path resource [com/example/bddspring1583310768/DemoApplicationTestsContext.groovy] does not exist
08:36:36.974 [main] INFO org.springframework.test.context.support.AbstractContextLoader - Could not detect default resource locations for test class [com.example.bddspring1583310768.DemoApplicationTests]: no resource found for suffixes {-context.xml, Context.groovy}.
08:36:36.975 [main] INFO org.springframework.test.context.support.AnnotationConfigContextLoaderUtils - Could not detect default configuration classes for test class [com.example.bddspring1583310768.DemoApplicationTests]: DemoApplicationTests does not declare any static, non-private, non-final, nested classes annotated with @Configuration.
08:36:37.131 [main] DEBUG org.springframework.test.context.support.ActiveProfilesUtils - Could not find an 'annotation declaring class' for annotation type [org.springframework.test.context.ActiveProfiles] and class [com.example.bddspring1583310768.DemoApplicationTests]
08:36:37.330 [main] DEBUG org.springframework.context.annotation.ClassPathScanningCandidateComponentProvider - Identified candidate component class: file [/workspace/source/target/classes/com/example/bddspring1583310768/DemoApplication.class]
08:36:37.336 [main] INFO org.springframework.boot.test.context.SpringBootTestContextBootstrapper - Found @SpringBootConfiguration com.example.bddspring1583310768.DemoApplication for test class com.example.bddspring1583310768.DemoApplicationTests
08:36:37.658 [main] DEBUG org.springframework.boot.test.context.SpringBootTestContextBootstrapper - @TestExecutionListeners is not present for class [com.example.bddspring1583310768.DemoApplicationTests]: using defaults.
08:36:37.661 [main] INFO org.springframework.boot.test.context.SpringBootTestContextBootstrapper - Loaded default TestExecutionListener class names from location [META-INF/spring.factories]: [org.springframework.boot.test.mock.mockito.MockitoTestExecutionListener, org.springframework.boot.test.mock.mockito.ResetMocksTestExecutionListener, org.springframework.boot.test.autoconfigure.restdocs.RestDocsTestExecutionListener, org.springframework.boot.test.autoconfigure.web.client.MockRestServiceServerResetTestExecutionListener, org.springframework.boot.test.autoconfigure.web.servlet.MockMvcPrintOnlyOnFailureTestExecutionListener, org.springframework.boot.test.autoconfigure.web.servlet.WebDriverTestExecutionListener, org.springframework.test.context.web.ServletTestExecutionListener, org.springframework.test.context.support.DirtiesContextBeforeModesTestExecutionListener, org.springframework.test.context.support.DependencyInjectionTestExecutionListener, org.springframework.test.context.support.DirtiesContextTestExecutionListener, org.springframework.test.context.transaction.TransactionalTestExecutionListener, org.springframework.test.context.jdbc.SqlScriptsTestExecutionListener, org.springframework.test.context.event.EventPublishingTestExecutionListener]
08:36:37.716 [main] DEBUG org.springframework.boot.test.context.SpringBootTestContextBootstrapper - Skipping candidate TestExecutionListener [org.springframework.test.context.transaction.TransactionalTestExecutionListener] due to a missing dependency. Specify custom listener classes or make the default listener classes and their required dependencies available. Offending class: [org/springframework/transaction/TransactionDefinition]
08:36:37.732 [main] DEBUG org.springframework.boot.test.context.SpringBootTestContextBootstrapper - Skipping candidate TestExecutionListener [org.springframework.test.context.jdbc.SqlScriptsTestExecutionListener] due to a missing dependency. Specify custom listener classes or make the default listener classes and their required dependencies available. Offending class: [org/springframework/transaction/interceptor/TransactionAttribute]
08:36:37.733 [main] INFO org.springframework.boot.test.context.SpringBootTestContextBootstrapper - Using TestExecutionListeners: [org.springframework.test.context.web.ServletTestExecutionListener@505fc5a4, org.springframework.test.context.support.DirtiesContextBeforeModesTestExecutionListener@5fbdfdcf, org.springframework.boot.test.mock.mockito.MockitoTestExecutionListener@4efc180e, org.springframework.boot.test.autoconfigure.SpringBootDependencyInjectionTestExecutionListener@bd4dc25, org.springframework.test.context.support.DirtiesContextTestExecutionListener@25084a1e, org.springframework.test.context.event.EventPublishingTestExecutionListener@156b88f5, org.springframework.boot.test.mock.mockito.ResetMocksTestExecutionListener@3bf9ce3e, org.springframework.boot.test.autoconfigure.restdocs.RestDocsTestExecutionListener@16610890, org.springframework.boot.test.autoconfigure.web.client.MockRestServiceServerResetTestExecutionListener@71def8f8, org.springframework.boot.test.autoconfigure.web.servlet.MockMvcPrintOnlyOnFailureTestExecutionListener@383bfa16, org.springframework.boot.test.autoconfigure.web.servlet.WebDriverTestExecutionListener@4d465b11]
08:36:37.758 [main] DEBUG org.springframework.test.context.support.AbstractDirtiesContextTestExecutionListener - Before test class: context [DefaultTestContext@169e6180 testClass = DemoApplicationTests, testInstance = [null], testMethod = [null], testException = [null], mergedContextConfiguration = [WebMergedContextConfiguration@35aea049 testClass = DemoApplicationTests, locations = '{}', classes = '{class com.example.bddspring1583310768.DemoApplication}', contextInitializerClasses = '[]', activeProfiles = '{}', propertySourceLocations = '{}', propertySourceProperties = '{org.springframework.boot.test.context.SpringBootTestContextBootstrapper=true}', contextCustomizers = set[org.springframework.boot.test.context.filter.ExcludeFilterContextCustomizer@769e7ee8, org.springframework.boot.test.json.DuplicateJsonObjectContextCustomizerFactory$DuplicateJsonObjectContextCustomizer@6193932a, org.springframework.boot.test.mock.mockito.MockitoContextCustomizer@0, org.springframework.boot.test.web.client.TestRestTemplateContextCustomizer@4b5a5ed1, org.springframework.boot.test.autoconfigure.properties.PropertyMappingContextCustomizer@0, org.springframework.boot.test.autoconfigure.web.servlet.WebDriverContextCustomizerFactory$Customizer@7880cdf3], resourceBasePath = 'src/main/webapp', contextLoader = 'org.springframework.boot.test.context.SpringBootContextLoader', parent = [null]], attributes = map['org.springframework.test.context.web.ServletTestExecutionListener.activateListener' -> true]], class annotated with @DirtiesContext [false] with mode [null].
08:36:37.852 [main] DEBUG org.springframework.test.context.support.TestPropertySourceUtils - Adding inlined properties to environment: {spring.jmx.enabled=false, org.springframework.boot.test.context.SpringBootTestContextBootstrapper=true, server.port=-1}

  .   ____          _            __ _ _
 /\\ / ___'_ __ _ _(_)_ __  __ _ \ \ \ \
( ( )\___ | '_ | '_| | '_ \/ _` | \ \ \ \
 \\/  ___)| |_)| | | | | || (_| |  ) ) ) )
  '  |____| .__|_| |_|_| |_\__, | / / / /
 =========|_|==============|___/=/_/_/_/
 :: Spring Boot ::        (v2.2.5.RELEASE)

2020-03-04 08:36:38.741  INFO 67 --- [           main] c.e.b.DemoApplicationTests               : Starting DemoApplicationTests on cb-kubecd-bdd-spring-1583310768-tqlrn-1-from-build-pack-fqgsj-p with PID 67 (started by root in /workspace/source)
2020-03-04 08:36:38.754  INFO 67 --- [           main] c.e.b.DemoApplicationTests               : No active profile set, falling back to default profiles: default
2020-03-04 08:36:47.963  INFO 67 --- [           main] o.s.s.concurrent.ThreadPoolTaskExecutor  : Initializing ExecutorService 'applicationTaskExecutor'
2020-03-04 08:36:50.459  INFO 67 --- [           main] o.s.b.a.e.web.EndpointLinksResolver      : Exposing 2 endpoint(s) beneath base path '/actuator'
2020-03-04 08:36:51.059  INFO 67 --- [           main] c.e.b.DemoApplicationTests               : Started DemoApplicationTests in 13.135 seconds (JVM running for 16.82)
[INFO] Tests run: 1, Failures: 0, Errors: 0, Skipped: 0, Time elapsed: 15.681 s - in com.example.bddspring1583310768.DemoApplicationTests
2020-03-04 08:36:52.141  INFO 67 --- [extShutdownHook] o.s.s.concurrent.ThreadPoolTaskExecutor  : Shutting down ExecutorService 'applicationTaskExecutor'
[INFO] 
[INFO] Results:
[INFO] 
[INFO] Tests run: 1, Failures: 0, Errors: 0, Skipped: 0
[INFO] 
[INFO] 
[INFO] --- maven-jar-plugin:3.1.2:jar (default-jar) @ bdd-spring-1583310768 ---
[INFO] Building jar: /workspace/source/target/bdd-spring-1583310768-0.0.1.jar
[INFO] 
[INFO] --- spring-boot-maven-plugin:2.2.5.RELEASE:repackage (repackage) @ bdd-spring-1583310768 ---
[INFO] Replacing main artifact with repackaged archive
[INFO] 
[INFO] --- maven-install-plugin:2.5.2:install (default-install) @ bdd-spring-1583310768 ---
[INFO] Installing /workspace/source/target/bdd-spring-1583310768-0.0.1.jar to /home/jenkins/.mvnrepository/com/example/bdd-spring-1583310768/0.0.1/bdd-spring-1583310768-0.0.1.jar
[INFO] Installing /workspace/source/pom.xml to /home/jenkins/.mvnrepository/com/example/bdd-spring-1583310768/0.0.1/bdd-spring-1583310768-0.0.1.pom
[INFO] 
[INFO] --- maven-deploy-plugin:2.8.2:deploy (default-deploy) @ bdd-spring-1583310768 ---
[INFO] Using alternate deployment repository local-nexus::default::http://nexus/repository/maven-releases/
[INFO] ------------------------------------------------------------------------
[INFO] BUILD SUCCESS
[INFO] ------------------------------------------------------------------------
[INFO] Total time:  01:02 min
[INFO] Finished at: 2020-03-04T08:37:04Z
[INFO] ------------------------------------------------------------------------

Showing logs for build [32mcb-kubecd-bdd-spring-1583310768-tqlrn-1[0m stage [32mfrom-build-pack[0m and container [32mstep-build-skaffold-version[0m
v1.0.1

Showing logs for build [32mcb-kubecd-bdd-spring-1583310768-tqlrn-1[0m stage [32mfrom-build-pack[0m and container [32mstep-build-container-build[0m
[36mINFO[0m[0000] Downloading base image openjdk:8-jdk-slim    
ERROR: logging before flag.Parse: E0304 08:37:07.124495      10 metadata.go:142] while reading 'google-dockercfg' metadata: http status code: 404 while fetching url http://metadata.google.internal./computeMetadata/v1/instance/attributes/google-dockercfg
ERROR: logging before flag.Parse: E0304 08:37:07.128381      10 metadata.go:159] while reading 'google-dockercfg-url' metadata: http status code: 404 while fetching url http://metadata.google.internal./computeMetadata/v1/instance/attributes/google-dockercfg-url
2020/03/04 08:37:07 No matching credentials were found, falling back on anonymous
[36mINFO[0m[0001] Error while retrieving image from cache: getting file info: stat /workspace/sha256:9a6201786a233a26fa84d1f61affddacab15e9cba06bb9cf0db38ec9c285773b: no such file or directory 
[36mINFO[0m[0001] Downloading base image openjdk:8-jdk-slim    
2020/03/04 08:37:08 No matching credentials were found, falling back on anonymous
[36mINFO[0m[0002] cmd: EXPOSE                                  
[36mINFO[0m[0002] Adding exposed port: 8080/tcp                
[36mINFO[0m[0002] Using files from context: [/workspace/source/pom.xml] 
[36mINFO[0m[0002] Using files from context: [/workspace/source/target/bdd-spring-1583310768-0.0.1.jar] 
[36mINFO[0m[0002] Skipping unpacking as no commands require it. 
[36mINFO[0m[0002] Taking snapshot of full filesystem...        
[36mINFO[0m[0002] ENV PORT 8080                                
[36mINFO[0m[0002] No files changed in this command, skipping snapshotting. 
[36mINFO[0m[0002] ENV CLASSPATH /opt/lib                       
[36mINFO[0m[0002] No files changed in this command, skipping snapshotting. 
[36mINFO[0m[0002] EXPOSE 8080                                  
[36mINFO[0m[0002] cmd: EXPOSE                                  
[36mINFO[0m[0002] Adding exposed port: 8080/tcp                
[36mINFO[0m[0002] No files changed in this command, skipping snapshotting. 
[36mINFO[0m[0002] Using files from context: [/workspace/source/pom.xml] 
[36mINFO[0m[0002] COPY pom.xml target/lib* /opt/lib/           
[36mINFO[0m[0002] Taking snapshot of files...                  
[36mINFO[0m[0002] Using files from context: [/workspace/source/target/bdd-spring-1583310768-0.0.1.jar] 
[36mINFO[0m[0002] COPY target/*.jar /opt/app.jar               
[36mINFO[0m[0002] Taking snapshot of files...                  
[36mINFO[0m[0002] WORKDIR /opt                                 
[36mINFO[0m[0002] cmd: workdir                                 
[36mINFO[0m[0002] Changed working directory to /opt            
[36mINFO[0m[0002] No files changed in this command, skipping snapshotting. 
[36mINFO[0m[0002] CMD ["java", "-XX:+UnlockExperimentalVMOptions", "-XX:+UseCGroupMemoryLimitForHeap", "-jar", "app.jar"] 
[36mINFO[0m[0002] No files changed in this command, skipping snapshotting. 
2020/03/04 08:37:10 existing blob: sha256:4874c5772968dcab87c114bee2baf2c7e9a06dda36e63bdfeab71bd4d6f02890
2020/03/04 08:37:10 existing blob: sha256:68ced04f60ab5c7a5f1d0b0b4e7572c5a4c8cce44866513d30d9df1a15277d6b
2020/03/04 08:37:10 existing blob: sha256:cd812b6e86d2716865163d0858b828d2adbce541cd7b2f057ec5a461f0ac4301
2020/03/04 08:37:10 existing blob: sha256:1036c6da18fe8ac7f046061bc1cc870d2a1608caceded73416ec139bae64a0c6
2020/03/04 08:37:14 pushed blob: sha256:e71fa9d262b0014a6bdb44470b94da01d76d740f087d8c8a1b1699d06b003953
2020/03/04 08:37:14 pushed blob: sha256:5b9cbc392f89769be31487d7f6925d5b8846c9823dfc65e2303ff4891cf04cbf
2020/03/04 08:37:15 pushed blob: sha256:70c22813629104b295dd7c0408fa0e01bb66dbd64fb061ff765c82a868994fc5
2020/03/04 08:37:17 gcr.io/jenkins-x-bdd3/bdd-spring-1583310768:0.0.1: digest: sha256:b020fac845c99076d56d837cd1a4c88ba0f89ca08bea7f245e8c5acd003e92c1 size: 1244

Showing logs for build [32mcb-kubecd-bdd-spring-1583310768-tqlrn-1[0m stage [32mfrom-build-pack[0m and container [32mstep-build-post-build[0m
no CVE provider running in the current ** namespace so skip adding image to be analysed

Showing logs for build [32mcb-kubecd-bdd-spring-1583310768-tqlrn-1[0m stage [32mfrom-build-pack[0m and container [32mstep-promote-changelog[0m
Converted /workspace/source/charts/bdd-spring-1583310768 to an unshallow repository
Generating change log from git ref 26751016fa3b0d1969134d0efaed4c5e548fe386 => aaffb9a94c6895a160e425f84820511c303ef08a
Associating user x-0 in users.jenkins.io with email c**d-bot@cloudbees.com to git GitProvider user with login -0 as emails match
Adding label jenkins.io/git-github-userid=-0 to user x-0 in users.jenkins.io
WARNING: Failed to enrich commit b88f4318c4a62bd7a4b3a50ba02195b0f53f9731 with issues: User.jenkins.io "x-0" is invalid: metadata.labels: Invalid value: "-0": a valid label must be an empty string or consist of alphanumeric characters, '-', '_' or '.', and must start and end with an alphanumeric character (e.g. 'MyValue',  or 'my_value',  or '12345', regex used for validation is '(([A-Za-z0-9][-A-Za-z0-9_.]*)?[A-Za-z0-9])?')
Finding issues in commit messages using git format
Associating user x-0 in users.jenkins.io with email c**d-bot@cloudbees.com to git GitProvider user with login -0 as emails match
Adding label jenkins.io/git-github-userid=-0 to user x-0 in users.jenkins.io
WARNING: Failed to enrich commit d0cdfd4d63acc010e8e58e8823b0a8b2c7a9f8e9 with issues: User.jenkins.io "x-0" is invalid: metadata.labels: Invalid value: "-0": a valid label must be an empty string or consist of alphanumeric characters, '-', '_' or '.', and must start and end with an alphanumeric character (e.g. 'MyValue',  or 'my_value',  or '12345', regex used for validation is '(([A-Za-z0-9][-A-Za-z0-9_.]*)?[A-Za-z0-9])?')
Associating user x-0 in users.jenkins.io with email c**d-bot@cloudbees.com to git GitProvider user with login -0 as emails match
Adding label jenkins.io/git-github-userid=-0 to user x-0 in users.jenkins.io
WARNING: Failed to enrich commit d0cdfd4d63acc010e8e58e8823b0a8b2c7a9f8e9 with issues: User.jenkins.io "x-0" is invalid: metadata.labels: Invalid value: "-0": a valid label must be an empty string or consist of alphanumeric characters, '-', '_' or '.', and must start and end with an alphanumeric character (e.g. 'MyValue',  or 'my_value',  or '12345', regex used for validation is '(([A-Za-z0-9][-A-Za-z0-9_.]*)?[A-Za-z0-9])?')
WARNING: No release found for cb-kubecd/bdd-spring-1583310768 and tag v0.0.1 so creating a new release
Updated the release information at https://github.com/cb-kubecd/bdd-spring-1583310768/releases/tag/v0.0.1
generated: /workspace/source/charts/bdd-spring-1583310768/templates/release.yaml
Created Release bdd-spring-1583310768-0-0-1 resource in namespace **
Updating PipelineActivity cb-kubecd-bdd-spring-1583310768-master-1 with version 0.0.1
Updated PipelineActivities cb-kubecd-bdd-spring-1583310768-master-1 with release notes URL: https://github.com/cb-kubecd/bdd-spring-1583310768/releases/tag/v0.0.1

Showing logs for build [32mcb-kubecd-bdd-spring-1583310768-tqlrn-1[0m stage [32mfrom-build-pack[0m and container [32mstep-promote-helm-release[0m
WARNING: No $CHART_REPOSITORY defined so using the default value of: http://jenkins-x-chartmuseum:8080
Adding missing Helm repo: storage.googleapis.com https://storage.googleapis.com/chartmuseum.jenkins-x.io
WARNING: No secrets found on "helm/repos" due: reading the secret "helm/repos" from vault: no secret "helm/repos" not found in vault
Read credentials for https://storage.googleapis.com/chartmuseum.jenkins-x.io from vault helm/repos
Successfully added Helm repository storage.googleapis.com.
Adding missing Helm repo: jenkins-x-chartmuseum http://jenkins-x-chartmuseum:8080
WARNING: No secrets found on "helm/repos" due: reading the secret "helm/repos" from vault: no secret "helm/repos" not found in vault
Read credentials for http://jenkins-x-chartmuseum:8080 from vault helm/repos
Successfully added Helm repository jenkins-x-chartmuseum.
WARNING: No $CHART_REPOSITORY defined so using the default value of: http://jenkins-x-chartmuseum:8080
Uploading chart file bdd-spring-1583310768-0.0.1.tgz to http://jenkins-x-chartmuseum:8080/api/charts
Received 201 response: {"saved":true}

Showing logs for build [32mcb-kubecd-bdd-spring-1583310768-tqlrn-1[0m stage [32mfrom-build-pack[0m and container [32mstep-promote-jx-promote[0m
WARNING: prow based install so skip waiting for the merge of Pull Requests to go green as currently there is an issue with gettingstatuses from the PR, see https://github.com/jenkins-x/**/issues/2410
WARNING: No $CHART_REPOSITORY defined so using the default value of: http://jenkins-x-chartmuseum:8080
Promoting app bdd-spring-1583310768 version 0.0.1 to namespace **-staging
WARNING: 
WARNING: Waiting for the fork of c**d-bot-test/environment-pr-172-62-boot-vault-gke-staging to appear...
Forked Git repository to https://github.com/*************/environment-pr-172-62-boot-vault-gke-staging
Created Pull Request: https://github.com/cb-kubecd/environment-pr-172-62-boot-vault-gke-staging/pull/1
Added label updatebot to Pull Request https://github.com/cb-kubecd/environment-pr-172-62-boot-vault-gke-staging/pull/1
got git provider status pending from PR https://github.com/cb-kubecd/environment-pr-172-62-boot-vault-gke-staging/pull/1
got git provider status pending from PR https://github.com/cb-kubecd/environment-pr-172-62-boot-vault-gke-staging/pull/1
got git provider status pending from PR https://github.com/cb-kubecd/environment-pr-172-62-boot-vault-gke-staging/pull/1
got git provider status pending from PR https://github.com/cb-kubecd/environment-pr-172-62-boot-vault-gke-staging/pull/1
got git provider status pending from PR https://github.com/cb-kubecd/environment-pr-172-62-boot-vault-gke-staging/pull/1
Pull Request https://github.com/cb-kubecd/environment-pr-172-62-boot-vault-gke-staging/pull/1 is merged at sha 52489538cdb55ba9dda5be44caf534170cd6fdb4
Pull Request merged but we are not waiting for the update pipeline to complete!
WARNING: Could not find the service URL in namespace **-staging for names bdd-spring-1583310768, **-bdd-spring-1583310768, **-staging-bdd-spring-1583310768
